2024-04-12  4:27:20 0 [Note] Starting MariaDB 10.11.6-MariaDB source revision fecd78b83785d5ae96f2c6ff340375be803cd299 as process 139
2024-04-12  4:27:21 0 [Note] InnoDB: Compressed tables use zlib 1.2.13
2024-04-12  4:27:21 0 [Note] InnoDB: Number of transaction pools: 1
2024-04-12  4:27:21 0 [Note] InnoDB: Using crc32 + pclmulqdq instructions
2024-04-12  4:27:21 0 [Note] mariadbd: O_TMPFILE is not supported on /var/tmp (disabling future attempts)
2024-04-12  4:27:21 0 [Note] InnoDB: Using Linux native AIO
2024-04-12  4:27:21 0 [Note] InnoDB: Initializing buffer pool, total size = 128.000MiB, chunk size = 2.000MiB
2024-04-12  4:27:21 0 [Note] InnoDB: Completed initialization of buffer pool
2024-04-12  4:27:21 0 [Note] InnoDB: Buffered log writes (block size=512 bytes)
2024-04-12  4:27:21 0 [Note] InnoDB: End of log at LSN=673234
2024-04-12  4:27:21 0 [Note] InnoDB: 128 rollback segments are active.
2024-04-12  4:27:21 0 [Note] InnoDB: Setting file './ibtmp1' size to 12.000MiB. Physically writing the file full; Please wait ...
2024-04-12  4:27:21 0 [Note] InnoDB: File './ibtmp1' size is now 12.000MiB.
2024-04-12  4:27:21 0 [Note] InnoDB: log sequence number 673234; transaction id 479
2024-04-12  4:27:21 0 [Note] Plugin 'FEEDBACK' is disabled.
2024-04-12  4:27:21 0 [Note] InnoDB: Loading buffer pool(s) from /var/lib/mysql/ib_buffer_pool
2024-04-12  4:27:21 0 [Note] Server socket created on IP: '0.0.0.0'.
2024-04-12  4:27:21 0 [Note] InnoDB: Buffer pool(s) load completed at 240412  4:27:21
2024-04-12  4:27:21 0 [Note] /usr/bin/mariadbd: ready for connections.
Version: '10.11.6-MariaDB'  socket: '/run/mysqld/mysqld.sock'  port: 3306  Alpine Linux
2024-04-12  4:44:41 0 [Note] /usr/bin/mariadbd (initiated by: unknown): Normal shutdown
2024-04-12  4:44:41 43 [Warning] Aborted connection 43 to db: 'wordpress_db' user: 'root' host: 'localhost' (Got an error reading communication packets)
2024-04-12  4:44:41 0 [Note] InnoDB: FTS optimize thread exiting.
2024-04-12  4:44:41 0 [Note] InnoDB: Starting shutdown...
2024-04-12  4:44:41 0 [Note] InnoDB: Dumping buffer pool(s) to /var/lib/mysql/ib_buffer_pool
2024-04-12  4:44:41 0 [Note] InnoDB: Buffer pool(s) dump completed at 240412  4:44:41
2024-04-12  4:44:42 0 [Note] InnoDB: Removed temporary tablespace data file: "./ibtmp1"
2024-04-12  4:44:42 0 [Note] InnoDB: Shutdown completed; log sequence number 791880; transaction id 590
2024-04-12  4:44:42 0 [Note] /usr/bin/mariadbd: Shutdown complete

