2024-04-11 13:14:10 0 [Note] Starting MariaDB 10.11.6-MariaDB source revision fecd78b83785d5ae96f2c6ff340375be803cd299 as process 473
2024-04-11 13:14:10 0 [Note] InnoDB: Compressed tables use zlib 1.2.13
2024-04-11 13:14:10 0 [Note] InnoDB: Number of transaction pools: 1
2024-04-11 13:14:10 0 [Note] InnoDB: Using ARMv8 crc32 + pmull instructions
2024-04-11 13:14:10 0 [Note] mariadbd: O_TMPFILE is not supported on /var/tmp (disabling future attempts)
2024-04-11 13:14:10 0 [Note] InnoDB: Using Linux native AIO
2024-04-11 13:14:10 0 [Note] InnoDB: Initializing buffer pool, total size = 128.000MiB, chunk size = 2.000MiB
2024-04-11 13:14:10 0 [Note] InnoDB: Completed initialization of buffer pool
2024-04-11 13:14:10 0 [Note] InnoDB: Buffered log writes (block size=512 bytes)
2024-04-11 13:14:10 0 [Note] InnoDB: End of log at LSN=47008
2024-04-11 13:14:10 0 [Note] InnoDB: 128 rollback segments are active.
2024-04-11 13:14:10 0 [Note] InnoDB: Setting file './ibtmp1' size to 12.000MiB. Physically writing the file full; Please wait ...
2024-04-11 13:14:10 0 [Note] InnoDB: File './ibtmp1' size is now 12.000MiB.
2024-04-11 13:14:10 0 [Note] InnoDB: log sequence number 47008; transaction id 15
2024-04-11 13:14:10 0 [Note] Plugin 'FEEDBACK' is disabled.
2024-04-11 13:14:10 0 [Note] InnoDB: Loading buffer pool(s) from /var/lib/mysql/ib_buffer_pool
2024-04-11 13:14:10 0 [Note] InnoDB: Buffer pool(s) load completed at 240411 13:14:10
2024-04-11 13:14:10 0 [Note] Server socket created on IP: '0.0.0.0'.
2024-04-11 13:14:10 0 [Note] /usr/bin/mariadbd: ready for connections.
Version: '10.11.6-MariaDB'  socket: '/run/mysqld/mysqld.sock'  port: 3306  Alpine Linux
2024-04-11 13:16:39 0 [Note] /usr/bin/mariadbd (initiated by: unknown): Normal shutdown
2024-04-11 13:16:39 0 [Note] InnoDB: FTS optimize thread exiting.
2024-04-11 13:16:39 0 [Note] InnoDB: Starting shutdown...
2024-04-11 13:16:39 0 [Note] InnoDB: Dumping buffer pool(s) to /var/lib/mysql/ib_buffer_pool
2024-04-11 13:16:39 0 [Note] InnoDB: Buffer pool(s) dump completed at 240411 13:16:39
2024-04-11 13:16:39 0 [Note] InnoDB: Removed temporary tablespace data file: "./ibtmp1"
2024-04-11 13:16:39 0 [Note] InnoDB: Shutdown completed; log sequence number 666950; transaction id 473
2024-04-11 13:16:39 0 [Note] /usr/bin/mariadbd: Shutdown complete

2024-04-11 13:16:51 0 [Note] Starting MariaDB 10.11.6-MariaDB source revision fecd78b83785d5ae96f2c6ff340375be803cd299 as process 419
2024-04-11 13:16:51 0 [Note] InnoDB: Compressed tables use zlib 1.2.13
2024-04-11 13:16:51 0 [Note] InnoDB: Number of transaction pools: 1
2024-04-11 13:16:51 0 [Note] InnoDB: Using ARMv8 crc32 + pmull instructions
2024-04-11 13:16:51 0 [Note] mariadbd: O_TMPFILE is not supported on /var/tmp (disabling future attempts)
2024-04-11 13:16:51 0 [Note] InnoDB: Using Linux native AIO
2024-04-11 13:16:51 0 [Note] InnoDB: Initializing buffer pool, total size = 128.000MiB, chunk size = 2.000MiB
2024-04-11 13:16:51 0 [Note] InnoDB: Completed initialization of buffer pool
2024-04-11 13:16:51 0 [Note] InnoDB: Buffered log writes (block size=512 bytes)
2024-04-11 13:16:51 0 [Note] InnoDB: End of log at LSN=666950
2024-04-11 13:16:51 0 [Note] InnoDB: 128 rollback segments are active.
2024-04-11 13:16:51 0 [Note] InnoDB: Setting file './ibtmp1' size to 12.000MiB. Physically writing the file full; Please wait ...
2024-04-11 13:16:51 0 [Note] InnoDB: File './ibtmp1' size is now 12.000MiB.
2024-04-11 13:16:51 0 [Note] InnoDB: log sequence number 666950; transaction id 474
2024-04-11 13:16:51 0 [Note] Plugin 'FEEDBACK' is disabled.
2024-04-11 13:16:51 0 [Note] InnoDB: Loading buffer pool(s) from /var/lib/mysql/ib_buffer_pool
2024-04-11 13:16:51 0 [Note] Server socket created on IP: '0.0.0.0'.
2024-04-11 13:16:51 0 [Note] InnoDB: Buffer pool(s) load completed at 240411 13:16:51
2024-04-11 13:16:51 0 [Note] /usr/bin/mariadbd: ready for connections.
Version: '10.11.6-MariaDB'  socket: '/run/mysqld/mysqld.sock'  port: 3306  Alpine Linux
2024-04-11 13:17:28 0 [Note] /usr/bin/mariadbd (initiated by: unknown): Normal shutdown
2024-04-11 13:17:28 0 [Note] InnoDB: FTS optimize thread exiting.
2024-04-11 13:17:28 0 [Note] InnoDB: Starting shutdown...
2024-04-11 13:17:28 0 [Note] InnoDB: Dumping buffer pool(s) to /var/lib/mysql/ib_buffer_pool
2024-04-11 13:17:28 0 [Note] InnoDB: Buffer pool(s) dump completed at 240411 13:17:28
2024-04-11 13:17:28 0 [Note] InnoDB: Removed temporary tablespace data file: "./ibtmp1"
2024-04-11 13:17:28 0 [Note] InnoDB: Shutdown completed; log sequence number 666950; transaction id 475
2024-04-11 13:17:28 0 [Note] /usr/bin/mariadbd: Shutdown complete

2024-04-11 13:17:36 0 [Note] Starting MariaDB 10.11.6-MariaDB source revision fecd78b83785d5ae96f2c6ff340375be803cd299 as process 420
2024-04-11 13:17:36 0 [Note] InnoDB: Compressed tables use zlib 1.2.13
2024-04-11 13:17:36 0 [Note] InnoDB: Number of transaction pools: 1
2024-04-11 13:17:36 0 [Note] InnoDB: Using ARMv8 crc32 + pmull instructions
2024-04-11 13:17:36 0 [Note] mariadbd: O_TMPFILE is not supported on /var/tmp (disabling future attempts)
2024-04-11 13:17:36 0 [Note] InnoDB: Using Linux native AIO
2024-04-11 13:17:36 0 [Note] InnoDB: Initializing buffer pool, total size = 128.000MiB, chunk size = 2.000MiB
2024-04-11 13:17:36 0 [Note] InnoDB: Completed initialization of buffer pool
2024-04-11 13:17:36 0 [Note] InnoDB: Buffered log writes (block size=512 bytes)
2024-04-11 13:17:36 0 [Note] InnoDB: End of log at LSN=666950
2024-04-11 13:17:36 0 [Note] InnoDB: 128 rollback segments are active.
2024-04-11 13:17:36 0 [Note] InnoDB: Setting file './ibtmp1' size to 12.000MiB. Physically writing the file full; Please wait ...
2024-04-11 13:17:36 0 [Note] InnoDB: File './ibtmp1' size is now 12.000MiB.
2024-04-11 13:17:36 0 [Note] InnoDB: log sequence number 666950; transaction id 474
2024-04-11 13:17:36 0 [Note] Plugin 'FEEDBACK' is disabled.
2024-04-11 13:17:36 0 [Note] InnoDB: Loading buffer pool(s) from /var/lib/mysql/ib_buffer_pool
2024-04-11 13:17:36 0 [Note] Server socket created on IP: '0.0.0.0'.
2024-04-11 13:17:36 0 [Note] InnoDB: Buffer pool(s) load completed at 240411 13:17:36
2024-04-11 13:17:36 0 [Note] /usr/bin/mariadbd: ready for connections.
Version: '10.11.6-MariaDB'  socket: '/run/mysqld/mysqld.sock'  port: 3306  Alpine Linux
2024-04-11 13:22:45 47 [Warning] Access denied for user 'root'@'localhost' (using password: NO)
2024-04-11 13:22:50 48 [Warning] Access denied for user 'root'@'localhost' (using password: YES)
2024-04-11 13:23:02 49 [Warning] Access denied for user 'root'@'localhost' (using password: YES)
2024-04-11 13:40:49 0 [Note] /usr/bin/mariadbd (initiated by: unknown): Normal shutdown
2024-04-11 13:40:49 50 [Warning] Aborted connection 50 to db: 'wordpress_db' user: 'root' host: 'localhost' (Got an error reading communication packets)
2024-04-11 13:40:49 0 [Note] InnoDB: FTS optimize thread exiting.
2024-04-11 13:40:49 0 [Note] InnoDB: Starting shutdown...
2024-04-11 13:40:49 0 [Note] InnoDB: Dumping buffer pool(s) to /var/lib/mysql/ib_buffer_pool
2024-04-11 13:40:49 0 [Note] InnoDB: Buffer pool(s) dump completed at 240411 13:40:49
2024-04-11 13:40:49 0 [Note] InnoDB: Removed temporary tablespace data file: "./ibtmp1"
2024-04-11 13:40:49 0 [Note] InnoDB: Shutdown completed; log sequence number 856149; transaction id 599
2024-04-11 13:40:49 0 [Note] /usr/bin/mariadbd: Shutdown complete

